2012-12-05 09:03:30,227 - Trying to use logger class org.apache.velocity.runtime.log.Log4JLogChute
2012-12-05 09:03:30,227 - Using logger class org.apache.velocity.runtime.log.Log4JLogChute
2012-12-05 09:03:30,229 - Default ResourceManager initializing. (class org.apache.velocity.runtime.resource.ResourceManagerImpl)
2012-12-05 09:03:30,231 - ResourceLoader instantiated: org.apache.velocity.runtime.resource.loader.FileResourceLoader
2012-12-05 09:03:30,231 - Do unicode file recognition:  false
2012-12-05 09:03:30,232 - FileResourceLoader : adding path '/'
2012-12-05 09:03:30,232 - ResourceLoader instantiated: org.apache.velocity.runtime.resource.loader.ClasspathResourceLoader
2012-12-05 09:03:30,239 - ResourceCache: initialized (class org.apache.velocity.runtime.resource.ResourceCacheImpl)
2012-12-05 09:03:30,239 - Loaded System Directive: org.apache.velocity.runtime.directive.Literal
2012-12-05 09:03:30,240 - Loaded System Directive: org.apache.velocity.runtime.directive.Macro
2012-12-05 09:03:30,242 - Loaded System Directive: org.apache.velocity.runtime.directive.Parse
2012-12-05 09:03:30,242 - Loaded System Directive: org.apache.velocity.runtime.directive.Include
2012-12-05 09:03:30,243 - Loaded System Directive: org.apache.velocity.runtime.directive.Foreach
2012-12-05 09:03:30,261 - Created '20' parsers.
2012-12-05 09:03:30,266 - Velocimacro : "velocimacro.library" is not set.  Trying default library: VM_global_library.vm
2012-12-05 09:03:30,266 - Velocimacro : Default library not found.
2012-12-05 09:03:30,266 - Velocimacro : allowInline = true : VMs can be defined inline in templates
2012-12-05 09:03:30,266 - Velocimacro : allowInlineToOverride = false : VMs defined inline may NOT replace previous VM definitions
2012-12-05 09:03:30,266 - Velocimacro : allowInlineLocal = false : VMs defined inline will be global in scope if allowed.
2012-12-05 09:03:30,266 - Velocimacro : autoload off : VM system will not automatically reload global library macros
2012-12-05 09:03:30,278 - ResourceManager : found velocity/oai-dc-simple.vm with loader org.apache.velocity.runtime.resource.loader.ClasspathResourceLoader
2012-12-05 09:03:35,327 - ResourceManager : found velocity/oai-dc-simple.vm with loader org.apache.velocity.runtime.resource.loader.ClasspathResourceLoader
2012-12-05 09:03:35,334 - ResourceManager : found velocity/oai-dc-simple.vm with loader org.apache.velocity.runtime.resource.loader.ClasspathResourceLoader
